# JRE version: OpenJDK Runtime Environment (24.0.1+9) (build 24.0.1+9-30)
# Java VM: OpenJDK 64-Bit Server VM (24.0.1+9-30, mixed mode, sharing, tiered, compressed oops, compressed class ptrs, g1 gc, windows-amd64)
GC Precious Log:
 CardTable entry size: 512
 Card Set container configuration: InlinePtr #cards 4 size 8 Array Of Cards #cards 16 size 48 Howl #buckets 8 coarsen threshold 3686 Howl Bitmap #cards 512 size 80 coarsen threshold 460 Card regions per heap region 1 cards per card region 4096
 CPUs: 8 total, 8 available
 Memory: 16238M
 Large Page Support: Disabled
 NUMA Support: Disabled
 Compressed Oops: Enabled (Zero based)
 Heap Region Size: 2M
 Heap Min Capacity: 8M
 Heap Initial Capacity: 254M
 Heap Max Capacity: 4060M
 Pre-touch: Disabled
 Parallel Workers: 8
 Concurrent Workers: 2
 Concurrent Refinement Workers: 8
 Periodic GC: Disabled
Heap:
 garbage-first heap   total reserved 4157440K, committed 65536K, used 50237K [0x0000000702400000, 0x0000000800000000)
  region size 2048K, 8 young (16384K), 1 survivors (2048K)
 Metaspace       used 78747K, committed 79360K, reserved 1179648K
  class space    used 8773K, committed 9024K, reserved 1048576K
GC Heap History (20 events):
Event: 10.023 GC heap before
{Heap before GC invocations=15 (full 0):
 garbage-first heap   total reserved 4157440K, committed 55296K, used 44400K [0x0000000702400000, 0x0000000800000000)
  region size 2048K, 10 young (20480K), 2 survivors (4096K)
 Metaspace       used 61938K, committed 62464K, reserved 1114112K
  class space    used 6699K, committed 6912K, reserved 1048576K
}
Event: 10.030 GC heap after
{Heap after GC invocations=16 (full 0):
 garbage-first heap   total reserved 4157440K, committed 55296K, used 29308K [0x0000000702400000, 0x0000000800000000)
  region size 2048K, 2 young (4096K), 2 survivors (4096K)
 Metaspace       used 61938K, committed 62464K, reserved 1114112K
  class space    used 6699K, committed 6912K, reserved 1048576K
}
Event: 10.610 GC heap before
{Heap before GC invocations=16 (full 0):
 garbage-first heap   total reserved 4157440K, committed 55296K, used 45692K [0x0000000702400000, 0x0000000800000000)
  region size 2048K, 10 young (20480K), 2 survivors (4096K)
 Metaspace       used 63772K, committed 64320K, reserved 1114112K
  class space    used 7091K, committed 7360K, reserved 1048576K
}
Event: 10.619 GC heap after
{Heap after GC invocations=17 (full 0):
 garbage-first heap   total reserved 4157440K, committed 55296K, used 31076K [0x0000000702400000, 0x0000000800000000)
  region size 2048K, 2 young (4096K), 2 survivors (4096K)
 Metaspace       used 63772K, committed 64320K, reserved 1114112K
  class space    used 7091K, committed 7360K, reserved 1048576K
}
Event: 10.684 GC heap before
{Heap before GC invocations=17 (full 0):
 garbage-first heap   total reserved 4157440K, committed 55296K, used 45412K [0x0000000702400000, 0x0000000800000000)
  region size 2048K, 9 young (18432K), 2 survivors (4096K)
 Metaspace       used 63777K, committed 64384K, reserved 1114112K
  class space    used 7091K, committed 7360K, reserved 1048576K
}
Event: 10.687 GC heap after
{Heap after GC invocations=18 (full 0):
 garbage-first heap   total reserved 4157440K, committed 55296K, used 30455K [0x0000000702400000, 0x0000000800000000)
  region size 2048K, 1 young (2048K), 1 survivors (2048K)
 Metaspace       used 63777K, committed 64384K, reserved 1114112K
  class space    used 7091K, committed 7360K, reserved 1048576K
}
Event: 11.016 GC heap before
{Heap before GC invocations=19 (full 0):
 garbage-first heap   total reserved 4157440K, committed 55296K, used 46839K [0x0000000702400000, 0x0000000800000000)
  region size 2048K, 9 young (18432K), 1 survivors (2048K)
 Metaspace       used 65827K, committed 66368K, reserved 1114112K
  class space    used 7311K, committed 7552K, reserved 1048576K
}
Event: 11.018 GC heap after
{Heap after GC invocations=20 (full 0):
 garbage-first heap   total reserved 4157440K, committed 55296K, used 30665K [0x0000000702400000, 0x0000000800000000)
  region size 2048K, 1 young (2048K), 1 survivors (2048K)
 Metaspace       used 65827K, committed 66368K, reserved 1114112K
  class space    used 7311K, committed 7552K, reserved 1048576K
}
Event: 11.653 GC heap before
{Heap before GC invocations=20 (full 0):
 garbage-first heap   total reserved 4157440K, committed 55296K, used 47049K [0x0000000702400000, 0x0000000800000000)
  region size 2048K, 9 young (18432K), 1 survivors (2048K)
 Metaspace       used 67321K, committed 67904K, reserved 1114112K
  class space    used 7490K, committed 7744K, reserved 1048576K
}
Event: 11.660 GC heap after
{Heap after GC invocations=21 (full 0):
 garbage-first heap   total reserved 4157440K, committed 55296K, used 31875K [0x0000000702400000, 0x0000000800000000)
  region size 2048K, 2 young (4096K), 2 survivors (4096K)
 Metaspace       used 67321K, committed 67904K, reserved 1114112K
  class space    used 7490K, committed 7744K, reserved 1048576K
}
Event: 12.129 GC heap before
{Heap before GC invocations=21 (full 0):
 garbage-first heap   total reserved 4157440K, committed 55296K, used 44163K [0x0000000702400000, 0x0000000800000000)
  region size 2048K, 8 young (16384K), 2 survivors (4096K)
 Metaspace       used 69073K, committed 69632K, reserved 1114112K
  class space    used 7690K, committed 7936K, reserved 1048576K
}
Event: 12.135 GC heap after
{Heap after GC invocations=22 (full 0):
 garbage-first heap   total reserved 4157440K, committed 55296K, used 33498K [0x0000000702400000, 0x0000000800000000)
  region size 2048K, 1 young (2048K), 1 survivors (2048K)
 Metaspace       used 69073K, committed 69632K, reserved 1114112K
  class space    used 7690K, committed 7936K, reserved 1048576K
}
Event: 12.789 GC heap before
{Heap before GC invocations=23 (full 0):
 garbage-first heap   total reserved 4157440K, committed 59392K, used 47834K [0x0000000702400000, 0x0000000800000000)
  region size 2048K, 8 young (16384K), 1 survivors (2048K)
 Metaspace       used 71098K, committed 71680K, reserved 1114112K
  class space    used 7960K, committed 8192K, reserved 1048576K
}
Event: 12.795 GC heap after
{Heap after GC invocations=24 (full 0):
 garbage-first heap   total reserved 4157440K, committed 59392K, used 34693K [0x0000000702400000, 0x0000000800000000)
  region size 2048K, 1 young (2048K), 1 survivors (2048K)
 Metaspace       used 71098K, committed 71680K, reserved 1114112K
  class space    used 7960K, committed 8192K, reserved 1048576K
}
Event: 19.762 GC heap before
{Heap before GC invocations=24 (full 0):
 garbage-first heap   total reserved 4157440K, committed 59392K, used 49029K [0x0000000702400000, 0x0000000800000000)
  region size 2048K, 9 young (18432K), 1 survivors (2048K)
 Metaspace       used 75278K, committed 75904K, reserved 1179648K
  class space    used 8452K, committed 8704K, reserved 1048576K
}
Event: 19.767 GC heap after
{Heap after GC invocations=25 (full 0):
 garbage-first heap   total reserved 4157440K, committed 59392K, used 36041K [0x0000000702400000, 0x0000000800000000)
  region size 2048K, 2 young (4096K), 2 survivors (4096K)
 Metaspace       used 75278K, committed 75904K, reserved 1179648K
  class space    used 8452K, committed 8704K, reserved 1048576K
}
Event: 43.528 GC heap before
{Heap before GC invocations=25 (full 0):
 garbage-first heap   total reserved 4157440K, committed 59392K, used 46281K [0x0000000702400000, 0x0000000800000000)
  region size 2048K, 8 young (16384K), 2 survivors (4096K)
 Metaspace       used 77362K, committed 78016K, reserved 1179648K
  class space    used 8641K, committed 8960K, reserved 1048576K
}
Event: 43.533 GC heap after
{Heap after GC invocations=26 (full 0):
 garbage-first heap   total reserved 4157440K, committed 59392K, used 37673K [0x0000000702400000, 0x0000000800000000)
  region size 2048K, 1 young (2048K), 1 survivors (2048K)
 Metaspace       used 77362K, committed 78016K, reserved 1179648K
  class space    used 8641K, committed 8960K, reserved 1048576K
}
Event: 153.109 GC heap before
{Heap before GC invocations=27 (full 0):
 garbage-first heap   total reserved 4157440K, committed 65536K, used 47913K [0x0000000702400000, 0x0000000800000000)
  region size 2048K, 7 young (14336K), 1 survivors (2048K)
 Metaspace       used 77653K, committed 78336K, reserved 1179648K
  class space    used 8645K, committed 8960K, reserved 1048576K
}
Event: 153.111 GC heap after
{Heap after GC invocations=28 (full 0):
 garbage-first heap   total reserved 4157440K, committed 65536K, used 37949K [0x0000000702400000, 0x0000000800000000)
  region size 2048K, 1 young (2048K), 1 survivors (2048K)
 Metaspace       used 77653K, committed 78336K, reserved 1179648K
  class space    used 8645K, committed 8960K, reserved 1048576K
}

